<?xml version="1.0" encoding="UTF-8"?>
<!-- Generated by org.testng.reporters.JUnitXMLReporter -->
<testsuite hostname="mshettigar-7560" ignored="0" name="Test" tests="6" failures="0" timestamp="2022-08-01T17:15:32 EDT" time="43.294" errors="0">
  <testcase name="test_account_registration" time="3.382" classname="testCases.TC_001_AccountRegistration"/>
  <testcase name="test_login" time="1.037" classname="testCases.TC_002_Login"/>
  <testcase name="test_LoginDDT" time="1.225" classname="testCases.TC_003_LoginDDT"/>
  <testcase name="test_LoginDDT" time="10.65" classname="testCases.TC_003_LoginDDT"/>
  <testcase name="test_LoginDDT" time="10.623" classname="testCases.TC_003_LoginDDT"/>
  <testcase name="test_LoginDDT" time="10.658" classname="testCases.TC_003_LoginDDT"/>
</testsuite> <!-- Test -->
