<?xml version="1.0" encoding="UTF-8"?>
<!-- Generated by org.testng.reporters.JUnitXMLReporter -->
<testsuite hostname="mshettigar-7560" ignored="0" name="Test" tests="6" failures="0" timestamp="2022-07-05T15:57:41 EDT" time="47.201" errors="0">
  <testcase name="test_account_registration" time="4.649" classname="testCases.TC_001_AccountRegistration"/>
  <testcase name="test_login" time="1.528" classname="testCases.TC_002_Login"/>
  <testcase name="test_LoginDDT" time="1.631" classname="testCases.TC_003_LoginDDT"/>
  <testcase name="test_LoginDDT" time="10.704" classname="testCases.TC_003_LoginDDT"/>
  <testcase name="test_LoginDDT" time="10.68" classname="testCases.TC_003_LoginDDT"/>
  <testcase name="test_LoginDDT" time="10.741" classname="testCases.TC_003_LoginDDT"/>
</testsuite> <!-- Test -->
