<?xml version="1.0" encoding="UTF-8"?>
<!-- Generated by org.testng.reporters.JUnitXMLReporter -->
<testsuite ignored="0" hostname="mshettigar-7560" failures="0" tests="15" name="Test" time="251.106" errors="0" timestamp="2022-08-03T17:37:24 EDT">
  <testcase classname="testCases.TC_004_Search" name="test_search" time="15.728"/>
  <testcase classname="testCases.TC_005_Addcart" name="test_addcart" time="12.823"/>
  <testcase classname="testCases.TC_009_ForgotPassword" name="test_forgotpassword" time="10.735"/>
  <testcase classname="testCases.TC_006_ProductCompare" name="test_productcompare" time="14.401"/>
  <testcase classname="testCases.TC_008_ProductDisplayPage" name="test_productdisplay" time="13.294"/>
  <testcase classname="testCases.TC_007_WishList" name="test_wishlist" time="24.266"/>
  <testcase classname="testCases.TC_010_ShoppingCart" name="test_ShoppingCart" time="36.017"/>
  <testcase classname="testCases.TC_011_Checkout" name="test_checkout" time="23.932"/>
  <testcase classname="testCases.TC_012_MyAccount" name="test_Myaccount" time="16.345"/>
  <testcase classname="testCases.TC_013_MyAccountInformation" name="test_MyAccountInformation" time="11.9"/>
  <testcase classname="testCases.TC_015_AddressBook" name="test_Addressbook" time="12.702"/>
  <testcase classname="testCases.TC_016_OderHistory" name="test_OrderHistory" time="8.878"/>
  <testcase classname="testCases.TC_019_Returns" name="test_Returns" time="8.766"/>
  <testcase classname="testCases.TC_017_Downloads" name="test_downloads" time="9.625"/>
  <testcase classname="testCases.TC_020_Transections" name="test_transections" time="8.767"/>
</testsuite> <!-- Test -->
