<?xml version="1.0" encoding="UTF-8"?>
<testng-results skipped="0" failed="0" ignored="0" total="6" passed="6">
  <reporter-output>
  </reporter-output>
  <suite name="opencart" duration-ms="43294" started-at="2022-08-01T17:14:49 EDT" finished-at="2022-08-01T17:15:32 EDT">
    <groups>
      <group name="regression">
        <method signature="TC_001_AccountRegistration.test_account_registration()[pri:0, instance:testCases.TC_001_AccountRegistration@7cbd213e]" name="test_account_registration" class="testCases.TC_001_AccountRegistration"/>
      </group> <!-- regression -->
      <group name="sanity">
        <method signature="TC_002_Login.test_login()[pri:0, instance:testCases.TC_002_Login@7a30d1e6]" name="test_login" class="testCases.TC_002_Login"/>
      </group> <!-- sanity -->
      <group name="master">
        <method signature="TC_001_AccountRegistration.test_account_registration()[pri:0, instance:testCases.TC_001_AccountRegistration@7cbd213e]" name="test_account_registration" class="testCases.TC_001_AccountRegistration"/>
        <method signature="TC_002_Login.test_login()[pri:0, instance:testCases.TC_002_Login@7a30d1e6]" name="test_login" class="testCases.TC_002_Login"/>
      </group> <!-- master -->
    </groups>
    <test name="Test" duration-ms="43294" started-at="2022-08-01T17:14:49 EDT" finished-at="2022-08-01T17:15:32 EDT">
      <class name="testCases.TC_001_AccountRegistration">
        <test-method status="PASS" signature="setup(java.lang.String)[pri:0, instance:testCases.TC_001_AccountRegistration@7cbd213e]" name="setup" is-config="true" duration-ms="2650" started-at="2022-08-01T17:14:49 EDT" finished-at="2022-08-01T17:14:51 EDT">
          <params>
            <param index="0">
              <value>
                <![CDATA[chrome]]>
              </value>
            </param>
          </params>
          <reporter-output>
          </reporter-output>
        </test-method> <!-- setup -->
        <test-method status="PASS" signature="test_account_registration()[pri:0, instance:testCases.TC_001_AccountRegistration@7cbd213e]" name="test_account_registration" duration-ms="3382" started-at="2022-08-01T17:14:51 EDT" finished-at="2022-08-01T17:14:55 EDT">
          <reporter-output>
          </reporter-output>
        </test-method> <!-- test_account_registration -->
        <test-method status="PASS" signature="tearDown()[pri:0, instance:testCases.TC_001_AccountRegistration@7cbd213e]" name="tearDown" is-config="true" duration-ms="71" started-at="2022-08-01T17:14:55 EDT" finished-at="2022-08-01T17:14:55 EDT">
          <reporter-output>
          </reporter-output>
        </test-method> <!-- tearDown -->
      </class> <!-- testCases.TC_001_AccountRegistration -->
      <class name="testCases.TC_002_Login">
        <test-method status="PASS" signature="setup(java.lang.String)[pri:0, instance:testCases.TC_002_Login@7a30d1e6]" name="setup" is-config="true" duration-ms="1140" started-at="2022-08-01T17:14:55 EDT" finished-at="2022-08-01T17:14:56 EDT">
          <params>
            <param index="0">
              <value>
                <![CDATA[chrome]]>
              </value>
            </param>
          </params>
          <reporter-output>
          </reporter-output>
        </test-method> <!-- setup -->
        <test-method status="PASS" signature="test_login()[pri:0, instance:testCases.TC_002_Login@7a30d1e6]" name="test_login" duration-ms="1037" started-at="2022-08-01T17:14:56 EDT" finished-at="2022-08-01T17:14:57 EDT">
          <reporter-output>
          </reporter-output>
        </test-method> <!-- test_login -->
        <test-method status="PASS" signature="tearDown()[pri:0, instance:testCases.TC_002_Login@7a30d1e6]" name="tearDown" is-config="true" duration-ms="56" started-at="2022-08-01T17:14:57 EDT" finished-at="2022-08-01T17:14:57 EDT">
          <reporter-output>
          </reporter-output>
        </test-method> <!-- tearDown -->
      </class> <!-- testCases.TC_002_Login -->
      <class name="testCases.TC_003_LoginDDT">
        <test-method status="PASS" signature="setup(java.lang.String)[pri:0, instance:testCases.TC_003_LoginDDT@5891e32e]" name="setup" is-config="true" duration-ms="1104" started-at="2022-08-01T17:14:57 EDT" finished-at="2022-08-01T17:14:58 EDT">
          <params>
            <param index="0">
              <value>
                <![CDATA[chrome]]>
              </value>
            </param>
          </params>
          <reporter-output>
          </reporter-output>
        </test-method> <!-- setup -->
        <test-method status="PASS" signature="test_LoginDDT(java.lang.String,java.lang.String,java.lang.String)[pri:0, instance:testCases.TC_003_LoginDDT@5891e32e]" name="test_LoginDDT" duration-ms="1225" started-at="2022-08-01T17:14:59 EDT" data-provider="LoginData" finished-at="2022-08-01T17:15:00 EDT">
          <params>
            <param index="0">
              <value>
                <![CDATA[qwWUL@gmail.com]]>
              </value>
            </param>
            <param index="1">
              <value>
                <![CDATA[abcxyz]]>
              </value>
            </param>
            <param index="2">
              <value>
                <![CDATA[Valid]]>
              </value>
            </param>
          </params>
          <reporter-output>
          </reporter-output>
        </test-method> <!-- test_LoginDDT -->
        <test-method status="PASS" signature="test_LoginDDT(java.lang.String,java.lang.String,java.lang.String)[pri:0, instance:testCases.TC_003_LoginDDT@5891e32e]" name="test_LoginDDT" duration-ms="10650" started-at="2022-08-01T17:15:00 EDT" data-provider="LoginData" finished-at="2022-08-01T17:15:11 EDT">
          <params>
            <param index="0">
              <value>
                <![CDATA[pavanoltraining@gmail.com]]>
              </value>
            </param>
            <param index="1">
              <value>
                <![CDATA[test]]>
              </value>
            </param>
            <param index="2">
              <value>
                <![CDATA[Invalid]]>
              </value>
            </param>
          </params>
          <reporter-output>
          </reporter-output>
        </test-method> <!-- test_LoginDDT -->
        <test-method status="PASS" signature="test_LoginDDT(java.lang.String,java.lang.String,java.lang.String)[pri:0, instance:testCases.TC_003_LoginDDT@5891e32e]" name="test_LoginDDT" duration-ms="10623" started-at="2022-08-01T17:15:11 EDT" data-provider="LoginData" finished-at="2022-08-01T17:15:21 EDT">
          <params>
            <param index="0">
              <value>
                <![CDATA[pavan@gmail.com]]>
              </value>
            </param>
            <param index="1">
              <value>
                <![CDATA[test123]]>
              </value>
            </param>
            <param index="2">
              <value>
                <![CDATA[Invalid]]>
              </value>
            </param>
          </params>
          <reporter-output>
          </reporter-output>
        </test-method> <!-- test_LoginDDT -->
        <test-method status="PASS" signature="test_LoginDDT(java.lang.String,java.lang.String,java.lang.String)[pri:0, instance:testCases.TC_003_LoginDDT@5891e32e]" name="test_LoginDDT" duration-ms="10658" started-at="2022-08-01T17:15:21 EDT" data-provider="LoginData" finished-at="2022-08-01T17:15:32 EDT">
          <params>
            <param index="0">
              <value>
                <![CDATA[pavan@gmail.com]]>
              </value>
            </param>
            <param index="1">
              <value>
                <![CDATA[test]]>
              </value>
            </param>
            <param index="2">
              <value>
                <![CDATA[Invalid]]>
              </value>
            </param>
          </params>
          <reporter-output>
          </reporter-output>
        </test-method> <!-- test_LoginDDT -->
        <test-method status="PASS" signature="tearDown()[pri:0, instance:testCases.TC_003_LoginDDT@5891e32e]" name="tearDown" is-config="true" duration-ms="76" started-at="2022-08-01T17:15:32 EDT" finished-at="2022-08-01T17:15:32 EDT">
          <reporter-output>
          </reporter-output>
        </test-method> <!-- tearDown -->
      </class> <!-- testCases.TC_003_LoginDDT -->
    </test> <!-- Test -->
  </suite> <!-- opencart -->
</testng-results>
