<?xml version="1.0" encoding="UTF-8"?>
<!-- Generated by org.testng.reporters.JUnitXMLReporter -->
<testsuite ignored="2" hostname="mshettigar-7560" failures="0" tests="1" name="opencartTests" time="8.876" errors="0" timestamp="2022-07-31T20:27:11 EDT">
  <testcase classname="testCases.TC_002_Login" name="test_login" time="1.642"/>
  <testcase classname="testCases.TC_001_AccountRegistration" name="test_account_registration" time="0.0">
    <ignored/>
  </testcase> <!-- test_account_registration -->
  <testcase classname="testCases.TC_003_LoginDDT" name="test_LoginDDT" time="0.0">
    <ignored/>
  </testcase> <!-- test_LoginDDT -->
</testsuite> <!-- opencartTests -->
