<?xml version="1.0" encoding="UTF-8"?>
<!-- Generated by org.testng.reporters.JUnitXMLReporter -->
<testsuite ignored="2" hostname="mshettigar-7560" failures="0" tests="2" name="opencartTests" time="23.963" errors="0" timestamp="2022-08-01T20:17:49 EDT">
  <testcase classname="testCases.TC_002_Login" name="test_login" time="1.748"/>
  <testcase classname="testCases.TC_004_Search" name="test_search" time="14.337"/>
  <testcase classname="testCases.TC_001_AccountRegistration" name="test_account_registration" time="0.0">
    <ignored/>
  </testcase> <!-- test_account_registration -->
  <testcase classname="testCases.TC_003_LoginDDT" name="test_LoginDDT" time="0.0">
    <ignored/>
  </testcase> <!-- test_LoginDDT -->
</testsuite> <!-- opencartTests -->
